<?xml version="1.0" encoding="UTF-8"?>
<testsuite xmlns:xsi="http://www.w3.org/2001/XMLSchema-instance" xsi:noNamespaceSchemaLocation="https://maven.apache.org/surefire/maven-surefire-plugin/xsd/surefire-test-report-3.0.xsd" version="3.0" name="project.rest.client.response.CORSFilterTest" time="1.17" tests="2" errors="0" skipped="0" failures="0">
  <properties>
[...]
</properties>
  <testcase name="testPredefinedOrigin" classname="project.rest.client.response.CORSFilterTest" time="1.16"/>
  <testcase name="testWithoutOrigin" classname="project.rest.client.response.CORSFilterTest" time="0.002"/>
</testsuite>